2024-11-11 15:55:19.962 +01:00 [INF] Yahtzee game started...
2024-11-11 15:55:20.532 +01:00 [INF] Game started
2024-11-11 15:55:20.548 +01:00 [INF] Dice rolled: 5, 2, 6, 6, 1
2024-11-11 15:55:20.572 +01:00 [INF] Strategy ChanceScoreStrategy scored: 20
2024-11-11 15:55:20.581 +01:00 [INF] Strategy YahtzeeScoreStrategy scored: 0
2024-11-11 15:55:20.584 +01:00 [INF] Strategy OnesScoreStrategy scored: 1
2024-11-11 15:55:20.588 +01:00 [INF] Strategy FourOfAKindStrategy scored: 0
2024-11-11 15:55:20.596 +01:00 [INF] Strategy FullHouseStrategy scored: 0
2024-11-11 15:55:20.598 +01:00 [INF] Strategy LargeStraightStrategy scored: 0
2024-11-11 15:55:20.603 +01:00 [INF] Strategy ScorePairStrategy scored: 12
2024-11-11 15:55:20.604 +01:00 [INF] Strategy SmallStraightStrategy scored: 0
2024-11-11 15:55:20.607 +01:00 [INF] Strategy ThreeOfAKindStrategy scored: 0
2024-11-11 15:55:20.610 +01:00 [INF] Strategy TwoPairStrategy scored: 0
2024-11-11 15:55:20.615 +01:00 [INF] Strategy ScoreForNumberStrategy scored: 1
2024-11-11 15:55:20.616 +01:00 [INF] Strategy ScoreForNumberStrategy scored: 2
2024-11-11 15:55:20.617 +01:00 [INF] Strategy ScoreForNumberStrategy scored: 0
2024-11-11 15:55:20.619 +01:00 [INF] Strategy ScoreForNumberStrategy scored: 0
2024-11-11 15:55:20.620 +01:00 [INF] Strategy ScoreForNumberStrategy scored: 5
2024-11-11 15:55:20.623 +01:00 [INF] Strategy ScoreForNumberStrategy scored: 12
2024-11-11 15:55:23.948 +01:00 [INF] Dice rolled: 2, 6, 4, 3, 2
2024-11-11 15:55:23.950 +01:00 [INF] Strategy ChanceScoreStrategy scored: 17
2024-11-11 15:55:23.951 +01:00 [INF] Strategy YahtzeeScoreStrategy scored: 0
2024-11-11 15:55:23.953 +01:00 [INF] Strategy OnesScoreStrategy scored: 0
2024-11-11 15:55:23.955 +01:00 [INF] Strategy FourOfAKindStrategy scored: 0
2024-11-11 15:55:23.957 +01:00 [INF] Strategy FullHouseStrategy scored: 0
2024-11-11 15:55:23.959 +01:00 [INF] Strategy LargeStraightStrategy scored: 0
2024-11-11 15:55:23.960 +01:00 [INF] Strategy ScorePairStrategy scored: 4
2024-11-11 15:55:23.963 +01:00 [INF] Strategy SmallStraightStrategy scored: 0
2024-11-11 15:55:23.967 +01:00 [INF] Strategy ThreeOfAKindStrategy scored: 0
2024-11-11 15:55:23.968 +01:00 [INF] Strategy TwoPairStrategy scored: 0
2024-11-11 15:55:23.970 +01:00 [INF] Strategy ScoreForNumberStrategy scored: 0
2024-11-11 15:55:23.972 +01:00 [INF] Strategy ScoreForNumberStrategy scored: 4
2024-11-11 15:55:23.973 +01:00 [INF] Strategy ScoreForNumberStrategy scored: 3
2024-11-11 15:55:23.976 +01:00 [INF] Strategy ScoreForNumberStrategy scored: 4
2024-11-11 15:55:23.979 +01:00 [INF] Strategy ScoreForNumberStrategy scored: 0
2024-11-11 15:55:23.982 +01:00 [INF] Strategy ScoreForNumberStrategy scored: 6
