2024-11-13 21:33:01.378 +01:00 [INF] Yahtzee game started...
2024-11-13 21:33:03.664 +01:00 [INF] Game started
2024-11-13 21:33:03.670 +01:00 [INF] Dice rolled: 1, 2, 4, 4, 1
2024-11-13 21:33:03.685 +01:00 [INF] Strategy ChanceScoreStrategy scored: 12
2024-11-13 21:33:03.689 +01:00 [INF] Strategy YahtzeeScoreStrategy scored: 0
2024-11-13 21:33:03.691 +01:00 [INF] Strategy OnesScoreStrategy scored: 2
2024-11-13 21:33:03.692 +01:00 [INF] Strategy FourOfAKindStrategy scored: 0
2024-11-13 21:33:03.695 +01:00 [INF] Strategy FullHouseStrategy scored: 0
2024-11-13 21:33:03.698 +01:00 [INF] Strategy LargeStraightStrategy scored: 0
2024-11-13 21:33:03.702 +01:00 [INF] Strategy ScorePairStrategy scored: 8
2024-11-13 21:33:03.754 +01:00 [INF] Strategy SmallStraightStrategy scored: 0
2024-11-13 21:33:03.758 +01:00 [INF] Strategy ThreeOfAKindStrategy scored: 0
2024-11-13 21:33:03.759 +01:00 [INF] Strategy TwoPairStrategy scored: 10
2024-11-13 21:33:03.760 +01:00 [INF] Strategy ScoreForNumberStrategy scored: 2
2024-11-13 21:33:03.762 +01:00 [INF] Strategy ScoreForNumberStrategy scored: 2
2024-11-13 21:33:03.763 +01:00 [INF] Strategy ScoreForNumberStrategy scored: 0
2024-11-13 21:33:03.763 +01:00 [INF] Strategy ScoreForNumberStrategy scored: 8
2024-11-13 21:33:03.765 +01:00 [INF] Strategy ScoreForNumberStrategy scored: 0
2024-11-13 21:33:03.767 +01:00 [INF] Strategy ScoreForNumberStrategy scored: 0
2024-11-13 21:33:16.686 +01:00 [INF] Dice rolled: 2, 2, 6, 1, 1
2024-11-13 21:33:16.688 +01:00 [INF] Strategy ChanceScoreStrategy scored: 12
2024-11-13 21:33:16.690 +01:00 [INF] Strategy YahtzeeScoreStrategy scored: 0
2024-11-13 21:33:16.692 +01:00 [INF] Strategy OnesScoreStrategy scored: 2
2024-11-13 21:33:16.694 +01:00 [INF] Strategy FourOfAKindStrategy scored: 0
2024-11-13 21:33:16.696 +01:00 [INF] Strategy FullHouseStrategy scored: 0
2024-11-13 21:33:16.698 +01:00 [INF] Strategy LargeStraightStrategy scored: 0
2024-11-13 21:33:16.701 +01:00 [INF] Strategy ScorePairStrategy scored: 4
2024-11-13 21:33:16.704 +01:00 [INF] Strategy SmallStraightStrategy scored: 0
2024-11-13 21:33:16.707 +01:00 [INF] Strategy ThreeOfAKindStrategy scored: 0
2024-11-13 21:33:16.708 +01:00 [INF] Strategy TwoPairStrategy scored: 6
2024-11-13 21:33:16.710 +01:00 [INF] Strategy ScoreForNumberStrategy scored: 2
2024-11-13 21:33:16.712 +01:00 [INF] Strategy ScoreForNumberStrategy scored: 4
2024-11-13 21:33:16.714 +01:00 [INF] Strategy ScoreForNumberStrategy scored: 0
2024-11-13 21:33:16.717 +01:00 [INF] Strategy ScoreForNumberStrategy scored: 0
2024-11-13 21:33:16.720 +01:00 [INF] Strategy ScoreForNumberStrategy scored: 0
2024-11-13 21:33:16.722 +01:00 [INF] Strategy ScoreForNumberStrategy scored: 6
2024-11-13 21:33:27.533 +01:00 [INF] Dice rolled: 1, 6, 6, 2, 1
2024-11-13 21:33:27.536 +01:00 [INF] Strategy ChanceScoreStrategy scored: 16
2024-11-13 21:33:27.539 +01:00 [INF] Strategy YahtzeeScoreStrategy scored: 0
2024-11-13 21:33:27.541 +01:00 [INF] Strategy OnesScoreStrategy scored: 2
2024-11-13 21:33:27.544 +01:00 [INF] Strategy FourOfAKindStrategy scored: 0
2024-11-13 21:33:27.546 +01:00 [INF] Strategy FullHouseStrategy scored: 0
2024-11-13 21:33:27.547 +01:00 [INF] Strategy LargeStraightStrategy scored: 0
2024-11-13 21:33:27.549 +01:00 [INF] Strategy ScorePairStrategy scored: 12
2024-11-13 21:33:27.550 +01:00 [INF] Strategy SmallStraightStrategy scored: 0
2024-11-13 21:33:27.553 +01:00 [INF] Strategy ThreeOfAKindStrategy scored: 0
2024-11-13 21:33:27.555 +01:00 [INF] Strategy TwoPairStrategy scored: 14
2024-11-13 21:33:27.557 +01:00 [INF] Strategy ScoreForNumberStrategy scored: 2
2024-11-13 21:33:27.558 +01:00 [INF] Strategy ScoreForNumberStrategy scored: 2
2024-11-13 21:33:27.560 +01:00 [INF] Strategy ScoreForNumberStrategy scored: 0
2024-11-13 21:33:27.561 +01:00 [INF] Strategy ScoreForNumberStrategy scored: 0
2024-11-13 21:33:27.563 +01:00 [INF] Strategy ScoreForNumberStrategy scored: 0
2024-11-13 21:33:27.565 +01:00 [INF] Strategy ScoreForNumberStrategy scored: 12
2024-11-13 21:33:33.037 +01:00 [INF] Game ended!
